<?xml version="1.0" encoding="UTF-8"?>
<!-- Generated by org.testng.reporters.JUnitReportReporter -->
<testsuite hostname="DESKTOP-55C00D3" failures="0" tests="10" name="com.cg.TestNg_Tutorial.Parallel_Execution" time="8.099" errors="0" timestamp="2022-02-10T18:33:39 IST" skipped="0">
  <testcase classname="com.cg.TestNg_Tutorial.Parallel_Execution" name="getOne" time="0.006"/>
  <system-out/>
  <testcase classname="com.cg.TestNg_Tutorial.Parallel_Execution" name="a" time="2.008"/>
  <system-out/>
  <testcase classname="com.cg.TestNg_Tutorial.Parallel_Execution" name="getOne" time="0.010"/>
  <system-out/>
  <testcase classname="com.cg.TestNg_Tutorial.Parallel_Execution" name="getOne" time="0.010"/>
  <system-out/>
  <testcase classname="com.cg.TestNg_Tutorial.Parallel_Execution" name="getOne" time="0.013"/>
  <system-out/>
  <testcase classname="com.cg.TestNg_Tutorial.Parallel_Execution" name="c" time="2.009"/>
  <system-out/>
  <testcase classname="com.cg.TestNg_Tutorial.Parallel_Execution" name="d" time="2.008"/>
  <system-out/>
  <testcase classname="com.cg.TestNg_Tutorial.Parallel_Execution" name="b" time="2.015"/>
  <system-out/>
  <testcase classname="com.cg.TestNg_Tutorial.Parallel_Execution" name="getOne" time="0.009"/>
  <system-out/>
  <testcase classname="com.cg.TestNg_Tutorial.Parallel_Execution" name="getOne" time="0.011"/>
  <system-out/>
</testsuite> <!-- com.cg.TestNg_Tutorial.Parallel_Execution -->
