<?xml version="1.0" encoding="UTF-8"?>
<!-- Generated by org.testng.reporters.JUnitReportReporter -->
<testsuite hostname="DESKTOP-55C00D3" failures="0" tests="1" name="com.cg.TestNg_Tutorial.XmlParametrization" time="0.009" errors="0" timestamp="2022-02-10T07:18:30 IST" skipped="0">
  <testcase classname="com.cg.TestNg_Tutorial.XmlParametrization" name="getData" time="0.009"/>
  <system-out/>
</testsuite> <!-- com.cg.TestNg_Tutorial.XmlParametrization -->
