<?xml version="1.0" encoding="UTF-8"?>
<!-- Generated by org.testng.reporters.JUnitReportReporter -->
<testsuite hostname="DESKTOP-55C00D3" failures="0" tests="1" name="com.cg.TestNg_Tutorial.Sam" time="0.008" errors="0" timestamp="2021-09-20T11:42:07 IST" skipped="0">
  <testcase classname="com.cg.TestNg_Tutorial.Sam" name="add" time="0.008"/>
  <system-out/>
</testsuite> <!-- com.cg.TestNg_Tutorial.Sam -->
