<?xml version="1.0" encoding="UTF-8"?>
<!-- Generated by org.testng.reporters.JUnitReportReporter -->
<testsuite hostname="DESKTOP-55C00D3" failures="0" tests="3" name="com.cg.TestNg_Tutorial.AllTestNgTags" time="0.005" errors="0" timestamp="2021-09-20T11:52:25 IST" skipped="0">
  <testcase classname="com.cg.TestNg_Tutorial.AllTestNgTags" name="beta" time="0.001"/>
  <system-out/>
  <testcase classname="com.cg.TestNg_Tutorial.AllTestNgTags" name="alpha" time="0.003"/>
  <system-out/>
  <testcase classname="com.cg.TestNg_Tutorial.AllTestNgTags" name="testCase1" time="0.001"/>
  <system-out/>
</testsuite> <!-- com.cg.TestNg_Tutorial.AllTestNgTags -->
