<?xml version="1.0" encoding="UTF-8"?>
<!-- Generated by org.testng.reporters.JUnitReportReporter -->
<testsuite hostname="DESKTOP-55C00D3" failures="0" tests="3" name="com.cg.TestNg_Tutorial.Day_3" time="0.002" errors="0" timestamp="2022-02-10T07:29:08 IST" skipped="0">
  <testcase classname="com.cg.TestNg_Tutorial.Day_3" name="apicustomerdetails" time="0.001"/>
  <system-out/>
  <testcase classname="com.cg.TestNg_Tutorial.Day_3" name="apidashboard" time="0.001"/>
  <system-out/>
  <testcase classname="com.cg.TestNg_Tutorial.Day_3" name="apiservice" time="0.000"/>
  <system-out/>
</testsuite> <!-- com.cg.TestNg_Tutorial.Day_3 -->
