<?xml version="1.0" encoding="UTF-8"?>
<!-- Generated by org.testng.reporters.JUnitReportReporter -->
<testsuite hostname="DESKTOP-55C00D3" failures="0" tests="4" name="com.cg.TestNg_Tutorial.Miss" time="0.016" errors="0" timestamp="2022-02-10T08:07:56 IST" skipped="1">
  <testcase classname="com.cg.TestNg_Tutorial.Miss" name="e" time="0.002"/>
  <system-out/>
  <testcase classname="com.cg.TestNg_Tutorial.Miss" name="a" time="0.012"/>
  <system-out/>
  <testcase classname="com.cg.TestNg_Tutorial.Miss" name="d" time="0.002"/>
  <system-out/>
  <testcase classname="com.cg.TestNg_Tutorial.Miss" name="b">
    <skipped/>
  </testcase> <!-- b -->
  <system-out/>
</testsuite> <!-- com.cg.TestNg_Tutorial.Miss -->
