<?xml version="1.0" encoding="UTF-8"?>
<!-- Generated by org.testng.reporters.JUnitReportReporter -->
<testsuite hostname="DESKTOP-55C00D3" failures="0" tests="3" name="com.cg.TestNg_Tutorial.Day_1" time="0.010" errors="0" timestamp="2022-02-10T07:29:08 IST" skipped="0">
  <testcase classname="com.cg.TestNg_Tutorial.Day_1" name="personalLoanwebservice" time="0.002"/>
  <system-out/>
  <testcase classname="com.cg.TestNg_Tutorial.Day_1" name="personalLoanwebdashboard" time="0.007"/>
  <system-out/>
  <testcase classname="com.cg.TestNg_Tutorial.Day_1" name="personalLoanweblogin" time="0.001"/>
  <system-out/>
</testsuite> <!-- com.cg.TestNg_Tutorial.Day_1 -->
