<?xml version="1.0" encoding="UTF-8"?>
<!-- Generated by org.testng.reporters.JUnitReportReporter -->
<testsuite hostname="DESKTOP-55C00D3" failures="0" tests="8" name="com.cg.TestNg_Tutorial.Priority" time="0.027" errors="0" timestamp="2022-02-10T18:17:03 IST" skipped="0">
  <testcase classname="com.cg.TestNg_Tutorial.Priority" name="h_test" time="0.008"/>
  <system-out/>
  <testcase classname="com.cg.TestNg_Tutorial.Priority" name="g_test" time="0.008"/>
  <system-out/>
  <testcase classname="com.cg.TestNg_Tutorial.Priority" name="d_test" time="0.001"/>
  <system-out/>
  <testcase classname="com.cg.TestNg_Tutorial.Priority" name="c_test" time="0.003"/>
  <system-out/>
  <testcase classname="com.cg.TestNg_Tutorial.Priority" name="a_test" time="0.002"/>
  <system-out/>
  <testcase classname="com.cg.TestNg_Tutorial.Priority" name="b_test" time="0.003"/>
  <system-out/>
  <testcase classname="com.cg.TestNg_Tutorial.Priority" name="f_test" time="0.001"/>
  <system-out/>
  <testcase classname="com.cg.TestNg_Tutorial.Priority" name="e_test" time="0.001"/>
  <system-out/>
</testsuite> <!-- com.cg.TestNg_Tutorial.Priority -->
